2019-08-29T13:02:11.486Z - normal: Load ~/.CocosCreator/settings.json
2019-08-29T13:02:12.745Z - normal: Initializing Asset Database
2019-08-29T13:02:12.789Z - normal: checking language setting...
2019-08-29T13:02:12.789Z - normal: Language: zh
2019-08-29T13:02:14.252Z - success: preview server running at http://localhost:7456
2019-08-29T13:02:14.255Z - success: protocol editor-framework registered
2019-08-29T13:02:14.255Z - success: protocol app registered
2019-08-29T13:02:14.255Z - success: protocol theme registered
2019-08-29T13:02:14.256Z - success: protocol packages registered
2019-08-29T13:02:14.256Z - success: protocol uuid registerred
2019-08-29T13:02:14.256Z - success: protocol db registerred
2019-08-29T13:02:14.256Z - success: protocol thumbnail registerred
2019-08-29T13:02:14.256Z - success: protocol unpack registerred
2019-08-29T13:02:14.257Z - success: protocol disable-commonjs registerred
2019-08-29T13:02:14.439Z - normal: connected!
2019-08-29T13:02:14.441Z - normal: Check project F:\Game\Game2\start_project
2019-08-29T13:02:14.444Z - normal: Initializing project F:\Game\Game2\start_project
2019-08-29T13:02:15.134Z - normal: Initializing Cocos2d
2019-08-29T13:02:19.023Z - normal: Initializing engine extends
2019-08-29T13:02:19.157Z - success: asset-db-debugger loaded
2019-08-29T13:02:19.163Z - success: baidu-adapter loaded
2019-08-29T13:02:19.170Z - success: color-picker loaded
2019-08-29T13:02:19.353Z - success: fb-audience-network loaded
2019-08-29T13:02:19.455Z - success: fb-live-stream loaded
2019-08-29T13:02:19.554Z - success: google-play-instant loaded
2019-08-29T13:02:19.586Z - success: huawei-runtime loaded
2019-08-29T13:02:20.358Z - success: cpk-publish loaded
2019-08-29T13:02:20.363Z - success: jsb-adapter loaded
2019-08-29T13:02:20.395Z - success: oppo-runtime loaded
2019-08-29T13:02:20.411Z - success: package-manager loaded
2019-08-29T13:02:20.734Z - success: qqplay-adapter loaded
2019-08-29T13:02:20.785Z - success: runtime-dev-tools loaded
2019-08-29T13:02:20.806Z - success: sdkbox loaded
2019-08-29T13:02:20.824Z - success: tester loaded
2019-08-29T13:02:20.835Z - success: ui-grid loaded
2019-08-29T13:02:20.847Z - success: ui-kit-preview-extra loaded
2019-08-29T13:02:20.870Z - success: ui-kit-preview loaded
2019-08-29T13:02:20.872Z - success: ui-kit loaded
2019-08-29T13:02:20.885Z - success: ui-tree loaded
2019-08-29T13:02:20.922Z - success: vivo-runtime loaded
2019-08-29T13:02:20.927Z - success: weapp-adapter loaded
2019-08-29T13:02:20.933Z - success: xiaomi-adapter loaded
2019-08-29T13:02:21.035Z - success: assets loaded
2019-08-29T13:02:21.038Z - success: builder loaded
2019-08-29T13:02:21.918Z - success: cocos-services loaded
2019-08-29T13:02:21.926Z - success: console loaded
2019-08-29T13:02:21.975Z - success: fb-instant-games loaded
2019-08-29T13:02:21.980Z - success: game-window loaded
2019-08-29T13:02:21.983Z - success: google-instant-games loaded
2019-08-29T13:02:21.991Z - success: hierarchy loaded
2019-08-29T13:02:21.996Z - success: inspector loaded
2019-08-29T13:02:22.000Z - success: keystore loaded
2019-08-29T13:02:22.008Z - success: node-library loaded
2019-08-29T13:02:22.011Z - success: package-asset loaded
2019-08-29T13:02:22.014Z - success: preferences loaded
2019-08-29T13:02:22.018Z - success: project-exporter loaded
2019-08-29T13:02:22.022Z - success: project-importer loaded
2019-08-29T13:02:22.026Z - success: project-settings loaded
2019-08-29T13:02:22.032Z - success: scene loaded
2019-08-29T13:02:22.034Z - success: simulator-debugger loaded
2019-08-29T13:02:22.036Z - success: sprite-editor loaded
2019-08-29T13:02:22.043Z - success: store loaded
2019-08-29T13:02:22.051Z - success: timeline loaded
2019-08-29T13:02:22.058Z - success: xiaomi-runtime loaded
2019-08-29T13:02:25.197Z - normal: Loading packages
2019-08-29T13:02:25.209Z - normal: Watching packages
2019-08-29T13:02:25.722Z - info: Cocos Services load base data!
2019-08-29T13:02:26.312Z - normal: Run Application
2019-08-29T13:38:01.684Z - failed: [db-task][sync-changes] Failed to import asset F:\Game\Game2\start_project\assets\scripts\Game.js, message: Compile error: SyntaxError: F:/Game/Game2/start_project/assets/scripts/Game.js: Unexpected token, expected , (35:8)
  33 | 
  34 |         // score label 的引用
> 35 |         scoreDisplay: {
     |         ^
  36 |             default: null,
  37 |             type: cc.Label
  38 |         }
    at Parser.pp$5.raise (D:\cocos creator\CocosCreator\resources\app.asar\node_modules\babylon\lib\index.js:4454:13)
    at Parser.pp.unexpected (D:\cocos creator\CocosCreator\resources\app.asar\node_modules\babylon\lib\index.js:1761:8)
    at Parser.pp.expect (D:\cocos creator\CocosCreator\resources\app.asar\node_modules\babylon\lib\index.js:1749:33)
    at Parser.pp$3.parseObj (D:\cocos creator\CocosCreator\resources\app.asar\node_modules\babylon\lib\index.js:3978:12)
    at Parser.pp$3.parseExprAtom (D:\cocos creator\CocosCreator\resources\app.asar\node_modules\babylon\lib\index.js:3719:19)
    at Parser.pp$3.parseExprSubscripts (D:\cocos creator\CocosCreator\resources\app.asar\node_modules\babylon\lib\index.js:3494:19)
    at Parser.pp$3.parseMaybeUnary (D:\cocos creator\CocosCreator\resources\app.asar\node_modules\babylon\lib\index.js:3474:19)
    at Parser.pp$3.parseExprOps (D:\cocos creator\CocosCreator\resources\app.asar\node_modules\babylon\lib\index.js:3404:19)
    at Parser.pp$3.parseMaybeConditional (D:\cocos creator\CocosCreator\resources\app.asar\node_modules\babylon\lib\index.js:3381:19)
    at Parser.pp$3.parseMaybeAssign (D:\cocos creator\CocosCreator\resources\app.asar\node_modules\babylon\lib\index.js:3344:19)
2019-08-29T13:38:52.699Z - failed: [db-task][sync-changes] Failed to import asset F:\Game\Game2\start_project\assets\scripts\Game.js, message: Compile error: SyntaxError: F:/Game/Game2/start_project/assets/scripts/Game.js: Unexpected token, expected , (35:8)
  33 | 
  34 |         // score label 的引用
> 35 |         scoreDisplay: {
     |         ^
  36 |             default: null,
  37 |             type: cc.Label
  38 |         }
    at Parser.pp$5.raise (D:\cocos creator\CocosCreator\resources\app.asar\node_modules\babylon\lib\index.js:4454:13)
    at Parser.pp.unexpected (D:\cocos creator\CocosCreator\resources\app.asar\node_modules\babylon\lib\index.js:1761:8)
    at Parser.pp.expect (D:\cocos creator\CocosCreator\resources\app.asar\node_modules\babylon\lib\index.js:1749:33)
    at Parser.pp$3.parseObj (D:\cocos creator\CocosCreator\resources\app.asar\node_modules\babylon\lib\index.js:3978:12)
    at Parser.pp$3.parseExprAtom (D:\cocos creator\CocosCreator\resources\app.asar\node_modules\babylon\lib\index.js:3719:19)
    at Parser.pp$3.parseExprSubscripts (D:\cocos creator\CocosCreator\resources\app.asar\node_modules\babylon\lib\index.js:3494:19)
    at Parser.pp$3.parseMaybeUnary (D:\cocos creator\CocosCreator\resources\app.asar\node_modules\babylon\lib\index.js:3474:19)
    at Parser.pp$3.parseExprOps (D:\cocos creator\CocosCreator\resources\app.asar\node_modules\babylon\lib\index.js:3404:19)
    at Parser.pp$3.parseMaybeConditional (D:\cocos creator\CocosCreator\resources\app.asar\node_modules\babylon\lib\index.js:3381:19)
    at Parser.pp$3.parseMaybeAssign (D:\cocos creator\CocosCreator\resources\app.asar\node_modules\babylon\lib\index.js:3344:19)
2019-08-29T14:07:19.100Z - info: Path: Canvas/score, UUID: d7gwL79DdFs7akZweHrS3v
2019-08-29T14:10:12.371Z - warn: The 'type' attribute of 'Player.boundary' is undefined when loading script
2019-08-29T14:10:32.939Z - warn: The 'type' attribute of 'Player.boundary' is undefined when loading script
2019-08-29T14:22:19.726Z - failed: [db-task][sync-changes] Failed to import asset F:\Game\Game2\start_project\assets\scripts\Player.js, message: Compile error: SyntaxError: F:/Game/Game2/start_project/assets/scripts/Player.js: Unexpected token, expected ) (115:47)
  113 |         // console.log(this.node.x);
  114 |         // 对边界的判断
> 115 |         if(this.node.x<-(this.boundary.width/2){
      |                                                ^
  116 |             this.node.x = -this.boundary.width/2
  117 |         }
  118 |         console.log(this.boundary.width);
    at Parser.pp$5.raise (D:\cocos creator\CocosCreator\resources\app.asar\node_modules\babylon\lib\index.js:4454:13)
    at Parser.pp.unexpected (D:\cocos creator\CocosCreator\resources\app.asar\node_modules\babylon\lib\index.js:1761:8)
    at Parser.pp.expect (D:\cocos creator\CocosCreator\resources\app.asar\node_modules\babylon\lib\index.js:1749:33)
    at Parser.pp$3.parseParenExpression (D:\cocos creator\CocosCreator\resources\app.asar\node_modules\babylon\lib\index.js:3790:8)
    at Parser.pp$1.parseIfStatement (D:\cocos creator\CocosCreator\resources\app.asar\node_modules\babylon\lib\index.js:2058:20)
    at Parser.pp$1.parseStatement (D:\cocos creator\CocosCreator\resources\app.asar\node_modules\babylon\lib\index.js:1846:19)
    at Parser.pp$1.parseBlockBody (D:\cocos creator\CocosCreator\resources\app.asar\node_modules\babylon\lib\index.js:2268:21)
    at Parser.pp$1.parseBlock (D:\cocos creator\CocosCreator\resources\app.asar\node_modules\babylon\lib\index.js:2247:8)
    at Parser.pp$3.parseFunctionBody (D:\cocos creator\CocosCreator\resources\app.asar\node_modules\babylon\lib\index.js:4235:22)
    at Parser.pp$1.parseFunction (D:\cocos creator\CocosCreator\resources\app.asar\node_modules\babylon\lib\index.js:2386:8)
2019-08-29T14:22:34.350Z - failed: [db-task][sync-changes] Failed to import asset F:\Game\Game2\start_project\assets\scripts\Player.js, message: Compile error: SyntaxError: F:/Game/Game2/start_project/assets/scripts/Player.js: Unexpected token, expected ) (115:47)
  113 |         // console.log(this.node.x);
  114 |         // 对边界的判断
> 115 |         if(this.node.x<(-this.boundary.width/2){
      |                                                ^
  116 |             this.node.x = -this.boundary.width/2
  117 |         }
  118 |         console.log(this.boundary.width);
    at Parser.pp$5.raise (D:\cocos creator\CocosCreator\resources\app.asar\node_modules\babylon\lib\index.js:4454:13)
    at Parser.pp.unexpected (D:\cocos creator\CocosCreator\resources\app.asar\node_modules\babylon\lib\index.js:1761:8)
    at Parser.pp.expect (D:\cocos creator\CocosCreator\resources\app.asar\node_modules\babylon\lib\index.js:1749:33)
    at Parser.pp$3.parseParenExpression (D:\cocos creator\CocosCreator\resources\app.asar\node_modules\babylon\lib\index.js:3790:8)
    at Parser.pp$1.parseIfStatement (D:\cocos creator\CocosCreator\resources\app.asar\node_modules\babylon\lib\index.js:2058:20)
    at Parser.pp$1.parseStatement (D:\cocos creator\CocosCreator\resources\app.asar\node_modules\babylon\lib\index.js:1846:19)
    at Parser.pp$1.parseBlockBody (D:\cocos creator\CocosCreator\resources\app.asar\node_modules\babylon\lib\index.js:2268:21)
    at Parser.pp$1.parseBlock (D:\cocos creator\CocosCreator\resources\app.asar\node_modules\babylon\lib\index.js:2247:8)
    at Parser.pp$3.parseFunctionBody (D:\cocos creator\CocosCreator\resources\app.asar\node_modules\babylon\lib\index.js:4235:22)
    at Parser.pp$1.parseFunction (D:\cocos creator\CocosCreator\resources\app.asar\node_modules\babylon\lib\index.js:2386:8)
2019-08-29T14:23:09.136Z - failed: [db-task][sync-changes] Failed to import asset F:\Game\Game2\start_project\assets\scripts\Player.js, message: Compile error: SyntaxError: F:/Game/Game2/start_project/assets/scripts/Player.js: Unexpected token, expected ) (115:49)
  113 |         // console.log(this.node.x);
  114 |         // 对边界的判断
> 115 |         if(this.node.x<(-1*this.boundary.width/2){
      |                                                  ^
  116 |             this.node.x = -this.boundary.width/2
  117 |         }
  118 |         console.log(this.boundary.width);
    at Parser.pp$5.raise (D:\cocos creator\CocosCreator\resources\app.asar\node_modules\babylon\lib\index.js:4454:13)
    at Parser.pp.unexpected (D:\cocos creator\CocosCreator\resources\app.asar\node_modules\babylon\lib\index.js:1761:8)
    at Parser.pp.expect (D:\cocos creator\CocosCreator\resources\app.asar\node_modules\babylon\lib\index.js:1749:33)
    at Parser.pp$3.parseParenExpression (D:\cocos creator\CocosCreator\resources\app.asar\node_modules\babylon\lib\index.js:3790:8)
    at Parser.pp$1.parseIfStatement (D:\cocos creator\CocosCreator\resources\app.asar\node_modules\babylon\lib\index.js:2058:20)
    at Parser.pp$1.parseStatement (D:\cocos creator\CocosCreator\resources\app.asar\node_modules\babylon\lib\index.js:1846:19)
    at Parser.pp$1.parseBlockBody (D:\cocos creator\CocosCreator\resources\app.asar\node_modules\babylon\lib\index.js:2268:21)
    at Parser.pp$1.parseBlock (D:\cocos creator\CocosCreator\resources\app.asar\node_modules\babylon\lib\index.js:2247:8)
    at Parser.pp$3.parseFunctionBody (D:\cocos creator\CocosCreator\resources\app.asar\node_modules\babylon\lib\index.js:4235:22)
    at Parser.pp$1.parseFunction (D:\cocos creator\CocosCreator\resources\app.asar\node_modules\babylon\lib\index.js:2386:8)
2019-08-29T20:00:21.754Z - success: oppo-runtime unloaded
2019-08-29T20:00:21.772Z - success: oppo-runtime loaded
2019-08-29T20:00:21.821Z - success: oppo-runtime unloaded
2019-08-29T20:00:21.823Z - success: oppo-runtime loaded
2019-08-30T20:31:35.656Z - success: oppo-runtime unloaded
2019-08-30T20:31:35.670Z - success: oppo-runtime loaded
2019-08-30T20:31:35.721Z - success: oppo-runtime unloaded
2019-08-30T20:31:35.723Z - success: oppo-runtime loaded
2019-08-31T19:33:51.390Z - success: oppo-runtime unloaded
2019-08-31T19:33:51.452Z - success: oppo-runtime loaded
2019-08-31T19:33:51.501Z - success: oppo-runtime unloaded
2019-08-31T19:33:51.503Z - success: oppo-runtime loaded
2019-09-01T06:04:22.338Z - warn: The 'type' attribute of 'Game.player2' is undefined when loading script
2019-09-01T10:47:38.109Z - error: Window "window-1567334849176" unresponsive: [object Object]
    at BrowserWindow.nativeWin.on.e (D:\cocos creator\CocosCreator\resources\app.asar\editor-framework\lib\main\window.js:1:2243)
    at emitOne (events.js:96:13)
    at BrowserWindow.emit (events.js:191:7)
2019-09-01T11:05:06.128Z - failed: [db-task][sync-changes] Failed to import asset F:\Game\Game2\start_project\assets\scripts\Game.js, message: Compile error: SyntaxError: F:/Game/Game2/start_project/assets/scripts/Game.js: Unexpected token, expected , (49:8)
  47 |         }
  48 |         // 得分音效资源
> 49 |         scoreAudio: {
     |         ^
  50 |             default: null,
  51 |             type: cc.AudioClip
  52 |         }
    at Parser.pp$5.raise (D:\cocos creator\CocosCreator\resources\app.asar\node_modules\babylon\lib\index.js:4454:13)
    at Parser.pp.unexpected (D:\cocos creator\CocosCreator\resources\app.asar\node_modules\babylon\lib\index.js:1761:8)
    at Parser.pp.expect (D:\cocos creator\CocosCreator\resources\app.asar\node_modules\babylon\lib\index.js:1749:33)
    at Parser.pp$3.parseObj (D:\cocos creator\CocosCreator\resources\app.asar\node_modules\babylon\lib\index.js:3978:12)
    at Parser.pp$3.parseExprAtom (D:\cocos creator\CocosCreator\resources\app.asar\node_modules\babylon\lib\index.js:3719:19)
    at Parser.pp$3.parseExprSubscripts (D:\cocos creator\CocosCreator\resources\app.asar\node_modules\babylon\lib\index.js:3494:19)
    at Parser.pp$3.parseMaybeUnary (D:\cocos creator\CocosCreator\resources\app.asar\node_modules\babylon\lib\index.js:3474:19)
    at Parser.pp$3.parseExprOps (D:\cocos creator\CocosCreator\resources\app.asar\node_modules\babylon\lib\index.js:3404:19)
    at Parser.pp$3.parseMaybeConditional (D:\cocos creator\CocosCreator\resources\app.asar\node_modules\babylon\lib\index.js:3381:19)
    at Parser.pp$3.parseMaybeAssign (D:\cocos creator\CocosCreator\resources\app.asar\node_modules\babylon\lib\index.js:3344:19)
2019-09-01T11:05:21.942Z - failed: [db-task][sync-changes] Failed to import asset F:\Game\Game2\start_project\assets\scripts\Game.js, message: Compile error: SyntaxError: F:/Game/Game2/start_project/assets/scripts/Game.js: Unexpected token, expected , (49:8)
  47 |         }
  48 |         // 得分音效资源
> 49 |         scoreAudio: {
     |         ^
  50 |             default: null,
  51 |             type: cc.AudioClip
  52 |         }
    at Parser.pp$5.raise (D:\cocos creator\CocosCreator\resources\app.asar\node_modules\babylon\lib\index.js:4454:13)
    at Parser.pp.unexpected (D:\cocos creator\CocosCreator\resources\app.asar\node_modules\babylon\lib\index.js:1761:8)
    at Parser.pp.expect (D:\cocos creator\CocosCreator\resources\app.asar\node_modules\babylon\lib\index.js:1749:33)
    at Parser.pp$3.parseObj (D:\cocos creator\CocosCreator\resources\app.asar\node_modules\babylon\lib\index.js:3978:12)
    at Parser.pp$3.parseExprAtom (D:\cocos creator\CocosCreator\resources\app.asar\node_modules\babylon\lib\index.js:3719:19)
    at Parser.pp$3.parseExprSubscripts (D:\cocos creator\CocosCreator\resources\app.asar\node_modules\babylon\lib\index.js:3494:19)
    at Parser.pp$3.parseMaybeUnary (D:\cocos creator\CocosCreator\resources\app.asar\node_modules\babylon\lib\index.js:3474:19)
    at Parser.pp$3.parseExprOps (D:\cocos creator\CocosCreator\resources\app.asar\node_modules\babylon\lib\index.js:3404:19)
    at Parser.pp$3.parseMaybeConditional (D:\cocos creator\CocosCreator\resources\app.asar\node_modules\babylon\lib\index.js:3381:19)
    at Parser.pp$3.parseMaybeAssign (D:\cocos creator\CocosCreator\resources\app.asar\node_modules\babylon\lib\index.js:3344:19)
2019-09-01T11:05:39.119Z - failed: [db-task][sync-changes] Failed to import asset F:\Game\Game2\start_project\assets\scripts\Game.js, message: Compile error: SyntaxError: F:/Game/Game2/start_project/assets/scripts/Game.js: Unexpected token, expected , (49:8)
  47 |         }
  48 |         // 得分音效资源
> 49 |         scoreAudio: {
     |         ^
  50 |             default: null,
  51 |             type: cc.AudioClip
  52 |         }
    at Parser.pp$5.raise (D:\cocos creator\CocosCreator\resources\app.asar\node_modules\babylon\lib\index.js:4454:13)
    at Parser.pp.unexpected (D:\cocos creator\CocosCreator\resources\app.asar\node_modules\babylon\lib\index.js:1761:8)
    at Parser.pp.expect (D:\cocos creator\CocosCreator\resources\app.asar\node_modules\babylon\lib\index.js:1749:33)
    at Parser.pp$3.parseObj (D:\cocos creator\CocosCreator\resources\app.asar\node_modules\babylon\lib\index.js:3978:12)
    at Parser.pp$3.parseExprAtom (D:\cocos creator\CocosCreator\resources\app.asar\node_modules\babylon\lib\index.js:3719:19)
    at Parser.pp$3.parseExprSubscripts (D:\cocos creator\CocosCreator\resources\app.asar\node_modules\babylon\lib\index.js:3494:19)
    at Parser.pp$3.parseMaybeUnary (D:\cocos creator\CocosCreator\resources\app.asar\node_modules\babylon\lib\index.js:3474:19)
    at Parser.pp$3.parseExprOps (D:\cocos creator\CocosCreator\resources\app.asar\node_modules\babylon\lib\index.js:3404:19)
    at Parser.pp$3.parseMaybeConditional (D:\cocos creator\CocosCreator\resources\app.asar\node_modules\babylon\lib\index.js:3381:19)
    at Parser.pp$3.parseMaybeAssign (D:\cocos creator\CocosCreator\resources\app.asar\node_modules\babylon\lib\index.js:3344:19)
2019-09-01T11:05:57.077Z - failed: [db-task][sync-changes] Failed to import asset F:\Game\Game2\start_project\assets\scripts\Game.js, message: Compile error: SyntaxError: F:/Game/Game2/start_project/assets/scripts/Game.js: Unexpected token, expected , (49:8)
  47 |         }
  48 |         // 得分音效资源
> 49 |         scoreAudio: {
     |         ^
  50 |             default: null,
  51 |             type: cc.AudioClip
  52 |         }
    at Parser.pp$5.raise (D:\cocos creator\CocosCreator\resources\app.asar\node_modules\babylon\lib\index.js:4454:13)
    at Parser.pp.unexpected (D:\cocos creator\CocosCreator\resources\app.asar\node_modules\babylon\lib\index.js:1761:8)
    at Parser.pp.expect (D:\cocos creator\CocosCreator\resources\app.asar\node_modules\babylon\lib\index.js:1749:33)
    at Parser.pp$3.parseObj (D:\cocos creator\CocosCreator\resources\app.asar\node_modules\babylon\lib\index.js:3978:12)
    at Parser.pp$3.parseExprAtom (D:\cocos creator\CocosCreator\resources\app.asar\node_modules\babylon\lib\index.js:3719:19)
    at Parser.pp$3.parseExprSubscripts (D:\cocos creator\CocosCreator\resources\app.asar\node_modules\babylon\lib\index.js:3494:19)
    at Parser.pp$3.parseMaybeUnary (D:\cocos creator\CocosCreator\resources\app.asar\node_modules\babylon\lib\index.js:3474:19)
    at Parser.pp$3.parseExprOps (D:\cocos creator\CocosCreator\resources\app.asar\node_modules\babylon\lib\index.js:3404:19)
    at Parser.pp$3.parseMaybeConditional (D:\cocos creator\CocosCreator\resources\app.asar\node_modules\babylon\lib\index.js:3381:19)
    at Parser.pp$3.parseMaybeAssign (D:\cocos creator\CocosCreator\resources\app.asar\node_modules\babylon\lib\index.js:3344:19)
2019-09-01T11:06:14.762Z - failed: [db-task][sync-changes] Failed to import asset F:\Game\Game2\start_project\assets\scripts\Game.js, message: Compile error: SyntaxError: F:/Game/Game2/start_project/assets/scripts/Game.js: Unexpected token, expected , (49:8)
  47 |         }
  48 |         // 得分音效资源
> 49 |         scoreAudio: {
     |         ^
  50 |             default: null,
  51 |             type: cc.AudioClip
  52 |         }
    at Parser.pp$5.raise (D:\cocos creator\CocosCreator\resources\app.asar\node_modules\babylon\lib\index.js:4454:13)
    at Parser.pp.unexpected (D:\cocos creator\CocosCreator\resources\app.asar\node_modules\babylon\lib\index.js:1761:8)
    at Parser.pp.expect (D:\cocos creator\CocosCreator\resources\app.asar\node_modules\babylon\lib\index.js:1749:33)
    at Parser.pp$3.parseObj (D:\cocos creator\CocosCreator\resources\app.asar\node_modules\babylon\lib\index.js:3978:12)
    at Parser.pp$3.parseExprAtom (D:\cocos creator\CocosCreator\resources\app.asar\node_modules\babylon\lib\index.js:3719:19)
    at Parser.pp$3.parseExprSubscripts (D:\cocos creator\CocosCreator\resources\app.asar\node_modules\babylon\lib\index.js:3494:19)
    at Parser.pp$3.parseMaybeUnary (D:\cocos creator\CocosCreator\resources\app.asar\node_modules\babylon\lib\index.js:3474:19)
    at Parser.pp$3.parseExprOps (D:\cocos creator\CocosCreator\resources\app.asar\node_modules\babylon\lib\index.js:3404:19)
    at Parser.pp$3.parseMaybeConditional (D:\cocos creator\CocosCreator\resources\app.asar\node_modules\babylon\lib\index.js:3381:19)
    at Parser.pp$3.parseMaybeAssign (D:\cocos creator\CocosCreator\resources\app.asar\node_modules\babylon\lib\index.js:3344:19)
2019-09-01T11:25:01.098Z - failed: [db-task][sync-changes] Failed to import asset F:\Game\Game2\start_project\assets\scripts\Game.js, message: Compile error: SyntaxError: F:/Game/Game2/start_project/assets/scripts/Game.js: Unexpected token, expected , (59:8)
  57 |         }
  58 |         // 玩家2的节点
> 59 |         playerRight: {
     |         ^
  60 |             default: null,
  61 |             type: cc.Node
  62 |         }
    at Parser.pp$5.raise (D:\cocos creator\CocosCreator\resources\app.asar\node_modules\babylon\lib\index.js:4454:13)
    at Parser.pp.unexpected (D:\cocos creator\CocosCreator\resources\app.asar\node_modules\babylon\lib\index.js:1761:8)
    at Parser.pp.expect (D:\cocos creator\CocosCreator\resources\app.asar\node_modules\babylon\lib\index.js:1749:33)
    at Parser.pp$3.parseObj (D:\cocos creator\CocosCreator\resources\app.asar\node_modules\babylon\lib\index.js:3978:12)
    at Parser.pp$3.parseExprAtom (D:\cocos creator\CocosCreator\resources\app.asar\node_modules\babylon\lib\index.js:3719:19)
    at Parser.pp$3.parseExprSubscripts (D:\cocos creator\CocosCreator\resources\app.asar\node_modules\babylon\lib\index.js:3494:19)
    at Parser.pp$3.parseMaybeUnary (D:\cocos creator\CocosCreator\resources\app.asar\node_modules\babylon\lib\index.js:3474:19)
    at Parser.pp$3.parseExprOps (D:\cocos creator\CocosCreator\resources\app.asar\node_modules\babylon\lib\index.js:3404:19)
    at Parser.pp$3.parseMaybeConditional (D:\cocos creator\CocosCreator\resources\app.asar\node_modules\babylon\lib\index.js:3381:19)
    at Parser.pp$3.parseMaybeAssign (D:\cocos creator\CocosCreator\resources\app.asar\node_modules\babylon\lib\index.js:3344:19)
2019-09-01T11:25:26.549Z - failed: [db-task][sync-changes] Failed to import asset F:\Game\Game2\start_project\assets\scripts\Game.js, message: Compile error: SyntaxError: F:/Game/Game2/start_project/assets/scripts/Game.js: Unexpected token, expected , (59:8)
  57 |         }
  58 |         // 玩家2的节点
> 59 |         playerRight: {
     |         ^
  60 |             default: null,
  61 |             type: cc.Node
  62 |         }
    at Parser.pp$5.raise (D:\cocos creator\CocosCreator\resources\app.asar\node_modules\babylon\lib\index.js:4454:13)
    at Parser.pp.unexpected (D:\cocos creator\CocosCreator\resources\app.asar\node_modules\babylon\lib\index.js:1761:8)
    at Parser.pp.expect (D:\cocos creator\CocosCreator\resources\app.asar\node_modules\babylon\lib\index.js:1749:33)
    at Parser.pp$3.parseObj (D:\cocos creator\CocosCreator\resources\app.asar\node_modules\babylon\lib\index.js:3978:12)
    at Parser.pp$3.parseExprAtom (D:\cocos creator\CocosCreator\resources\app.asar\node_modules\babylon\lib\index.js:3719:19)
    at Parser.pp$3.parseExprSubscripts (D:\cocos creator\CocosCreator\resources\app.asar\node_modules\babylon\lib\index.js:3494:19)
    at Parser.pp$3.parseMaybeUnary (D:\cocos creator\CocosCreator\resources\app.asar\node_modules\babylon\lib\index.js:3474:19)
    at Parser.pp$3.parseExprOps (D:\cocos creator\CocosCreator\resources\app.asar\node_modules\babylon\lib\index.js:3404:19)
    at Parser.pp$3.parseMaybeConditional (D:\cocos creator\CocosCreator\resources\app.asar\node_modules\babylon\lib\index.js:3381:19)
    at Parser.pp$3.parseMaybeAssign (D:\cocos creator\CocosCreator\resources\app.asar\node_modules\babylon\lib\index.js:3344:19)
2019-09-01T11:26:29.561Z - failed: [db-task][sync-changes] Failed to import asset F:\Game\Game2\start_project\assets\scripts\Game.js, message: Compile error: SyntaxError: F:/Game/Game2/start_project/assets/scripts/Game.js: Unexpected token, expected , (59:8)
  57 |         }
  58 |         // 玩家2的节点
> 59 |         playerRight: {
     |         ^
  60 |             default: null,
  61 |             type: cc.Node
  62 |         }
    at Parser.pp$5.raise (D:\cocos creator\CocosCreator\resources\app.asar\node_modules\babylon\lib\index.js:4454:13)
    at Parser.pp.unexpected (D:\cocos creator\CocosCreator\resources\app.asar\node_modules\babylon\lib\index.js:1761:8)
    at Parser.pp.expect (D:\cocos creator\CocosCreator\resources\app.asar\node_modules\babylon\lib\index.js:1749:33)
    at Parser.pp$3.parseObj (D:\cocos creator\CocosCreator\resources\app.asar\node_modules\babylon\lib\index.js:3978:12)
    at Parser.pp$3.parseExprAtom (D:\cocos creator\CocosCreator\resources\app.asar\node_modules\babylon\lib\index.js:3719:19)
    at Parser.pp$3.parseExprSubscripts (D:\cocos creator\CocosCreator\resources\app.asar\node_modules\babylon\lib\index.js:3494:19)
    at Parser.pp$3.parseMaybeUnary (D:\cocos creator\CocosCreator\resources\app.asar\node_modules\babylon\lib\index.js:3474:19)
    at Parser.pp$3.parseExprOps (D:\cocos creator\CocosCreator\resources\app.asar\node_modules\babylon\lib\index.js:3404:19)
    at Parser.pp$3.parseMaybeConditional (D:\cocos creator\CocosCreator\resources\app.asar\node_modules\babylon\lib\index.js:3381:19)
    at Parser.pp$3.parseMaybeAssign (D:\cocos creator\CocosCreator\resources\app.asar\node_modules\babylon\lib\index.js:3344:19)
2019-09-01T11:27:00.223Z - failed: [db-task][sync-changes] Failed to import asset F:\Game\Game2\start_project\assets\scripts\Game.js, message: Compile error: SyntaxError: F:/Game/Game2/start_project/assets/scripts/Game.js: Unexpected token, expected , (59:8)
  57 |         }
  58 |         // 玩家2的节点
> 59 |         playerRight: {
     |         ^
  60 |             default: null,
  61 |             type: cc.Node
  62 |         }
    at Parser.pp$5.raise (D:\cocos creator\CocosCreator\resources\app.asar\node_modules\babylon\lib\index.js:4454:13)
    at Parser.pp.unexpected (D:\cocos creator\CocosCreator\resources\app.asar\node_modules\babylon\lib\index.js:1761:8)
    at Parser.pp.expect (D:\cocos creator\CocosCreator\resources\app.asar\node_modules\babylon\lib\index.js:1749:33)
    at Parser.pp$3.parseObj (D:\cocos creator\CocosCreator\resources\app.asar\node_modules\babylon\lib\index.js:3978:12)
    at Parser.pp$3.parseExprAtom (D:\cocos creator\CocosCreator\resources\app.asar\node_modules\babylon\lib\index.js:3719:19)
    at Parser.pp$3.parseExprSubscripts (D:\cocos creator\CocosCreator\resources\app.asar\node_modules\babylon\lib\index.js:3494:19)
    at Parser.pp$3.parseMaybeUnary (D:\cocos creator\CocosCreator\resources\app.asar\node_modules\babylon\lib\index.js:3474:19)
    at Parser.pp$3.parseExprOps (D:\cocos creator\CocosCreator\resources\app.asar\node_modules\babylon\lib\index.js:3404:19)
    at Parser.pp$3.parseMaybeConditional (D:\cocos creator\CocosCreator\resources\app.asar\node_modules\babylon\lib\index.js:3381:19)
    at Parser.pp$3.parseMaybeAssign (D:\cocos creator\CocosCreator\resources\app.asar\node_modules\babylon\lib\index.js:3344:19)
2019-09-01T11:27:06.921Z - failed: [db-task][sync-changes] Failed to import asset F:\Game\Game2\start_project\assets\scripts\Game.js, message: Compile error: SyntaxError: F:/Game/Game2/start_project/assets/scripts/Game.js: Unexpected token, expected , (59:8)
  57 |         }
  58 |         // 玩家2的节点
> 59 |         playerRight: {
     |         ^
  60 |             default: null,
  61 |             type: cc.Node
  62 |         }
    at Parser.pp$5.raise (D:\cocos creator\CocosCreator\resources\app.asar\node_modules\babylon\lib\index.js:4454:13)
    at Parser.pp.unexpected (D:\cocos creator\CocosCreator\resources\app.asar\node_modules\babylon\lib\index.js:1761:8)
    at Parser.pp.expect (D:\cocos creator\CocosCreator\resources\app.asar\node_modules\babylon\lib\index.js:1749:33)
    at Parser.pp$3.parseObj (D:\cocos creator\CocosCreator\resources\app.asar\node_modules\babylon\lib\index.js:3978:12)
    at Parser.pp$3.parseExprAtom (D:\cocos creator\CocosCreator\resources\app.asar\node_modules\babylon\lib\index.js:3719:19)
    at Parser.pp$3.parseExprSubscripts (D:\cocos creator\CocosCreator\resources\app.asar\node_modules\babylon\lib\index.js:3494:19)
    at Parser.pp$3.parseMaybeUnary (D:\cocos creator\CocosCreator\resources\app.asar\node_modules\babylon\lib\index.js:3474:19)
    at Parser.pp$3.parseExprOps (D:\cocos creator\CocosCreator\resources\app.asar\node_modules\babylon\lib\index.js:3404:19)
    at Parser.pp$3.parseMaybeConditional (D:\cocos creator\CocosCreator\resources\app.asar\node_modules\babylon\lib\index.js:3381:19)
    at Parser.pp$3.parseMaybeAssign (D:\cocos creator\CocosCreator\resources\app.asar\node_modules\babylon\lib\index.js:3344:19)
2019-09-01T11:34:56.859Z - failed: [db-task][sync-changes] Failed to import asset F:\Game\Game2\start_project\assets\scripts\Star.js, message: Compile error: SyntaxError: F:/Game/Game2/start_project/assets/scripts/Star.js: Unexpected token, expected , (58:4)
  56 | 
  57 |     }
> 58 |     update: function (dt) {
     |     ^
  59 |         // 每帧判断和主角之间的距离是否小于收集距离
  60 |         // 这一块应该处理一下当两个同时吃到星星的情况
  61 |         if(this.getPlayerDistance(this.game.player)<this.pickRadius && this.getPlayerDistance(this.game.player2)<this.pickRadius) {
    at Parser.pp$5.raise (D:\cocos creator\CocosCreator\resources\app.asar\node_modules\babylon\lib\index.js:4454:13)
    at Parser.pp.unexpected (D:\cocos creator\CocosCreator\resources\app.asar\node_modules\babylon\lib\index.js:1761:8)
    at Parser.pp.expect (D:\cocos creator\CocosCreator\resources\app.asar\node_modules\babylon\lib\index.js:1749:33)
    at Parser.pp$3.parseObj (D:\cocos creator\CocosCreator\resources\app.asar\node_modules\babylon\lib\index.js:3978:12)
    at Parser.pp$3.parseExprAtom (D:\cocos creator\CocosCreator\resources\app.asar\node_modules\babylon\lib\index.js:3719:19)
    at Parser.pp$3.parseExprSubscripts (D:\cocos creator\CocosCreator\resources\app.asar\node_modules\babylon\lib\index.js:3494:19)
    at Parser.pp$3.parseMaybeUnary (D:\cocos creator\CocosCreator\resources\app.asar\node_modules\babylon\lib\index.js:3474:19)
    at Parser.pp$3.parseExprOps (D:\cocos creator\CocosCreator\resources\app.asar\node_modules\babylon\lib\index.js:3404:19)
    at Parser.pp$3.parseMaybeConditional (D:\cocos creator\CocosCreator\resources\app.asar\node_modules\babylon\lib\index.js:3381:19)
    at Parser.pp$3.parseMaybeAssign (D:\cocos creator\CocosCreator\resources\app.asar\node_modules\babylon\lib\index.js:3344:19)
2019-09-01T11:35:34.364Z - failed: [db-task][sync-changes] Failed to import asset F:\Game\Game2\start_project\assets\scripts\Star.js, message: Compile error: SyntaxError: F:/Game/Game2/start_project/assets/scripts/Star.js: Unexpected token, expected , (58:4)
  56 | 
  57 |     }
> 58 |     update: function (dt) {
     |     ^
  59 |         // 每帧判断和主角之间的距离是否小于收集距离
  60 |         // 这一块应该处理一下当两个同时吃到星星的情况
  61 |         if(this.getPlayerDistance(this.game.player)<this.pickRadius && this.getPlayerDistance(this.game.player2)<this.pickRadius) {
    at Parser.pp$5.raise (D:\cocos creator\CocosCreator\resources\app.asar\node_modules\babylon\lib\index.js:4454:13)
    at Parser.pp.unexpected (D:\cocos creator\CocosCreator\resources\app.asar\node_modules\babylon\lib\index.js:1761:8)
    at Parser.pp.expect (D:\cocos creator\CocosCreator\resources\app.asar\node_modules\babylon\lib\index.js:1749:33)
    at Parser.pp$3.parseObj (D:\cocos creator\CocosCreator\resources\app.asar\node_modules\babylon\lib\index.js:3978:12)
    at Parser.pp$3.parseExprAtom (D:\cocos creator\CocosCreator\resources\app.asar\node_modules\babylon\lib\index.js:3719:19)
    at Parser.pp$3.parseExprSubscripts (D:\cocos creator\CocosCreator\resources\app.asar\node_modules\babylon\lib\index.js:3494:19)
    at Parser.pp$3.parseMaybeUnary (D:\cocos creator\CocosCreator\resources\app.asar\node_modules\babylon\lib\index.js:3474:19)
    at Parser.pp$3.parseExprOps (D:\cocos creator\CocosCreator\resources\app.asar\node_modules\babylon\lib\index.js:3404:19)
    at Parser.pp$3.parseMaybeConditional (D:\cocos creator\CocosCreator\resources\app.asar\node_modules\babylon\lib\index.js:3381:19)
    at Parser.pp$3.parseMaybeAssign (D:\cocos creator\CocosCreator\resources\app.asar\node_modules\babylon\lib\index.js:3344:19)
2019-09-01T11:36:08.809Z - failed: [db-task][sync-changes] Failed to import asset F:\Game\Game2\start_project\assets\scripts\Star.js, message: Compile error: SyntaxError: F:/Game/Game2/start_project/assets/scripts/Star.js: Unexpected token, expected , (58:4)
  56 | 
  57 |     }
> 58 |     update: function (dt) {
     |     ^
  59 |         this.getWinner()
  60 |         // 每帧判断和主角之间的距离是否小于收集距离
  61 |         // 这一块应该处理一下当两个同时吃到星星的情况
    at Parser.pp$5.raise (D:\cocos creator\CocosCreator\resources\app.asar\node_modules\babylon\lib\index.js:4454:13)
    at Parser.pp.unexpected (D:\cocos creator\CocosCreator\resources\app.asar\node_modules\babylon\lib\index.js:1761:8)
    at Parser.pp.expect (D:\cocos creator\CocosCreator\resources\app.asar\node_modules\babylon\lib\index.js:1749:33)
    at Parser.pp$3.parseObj (D:\cocos creator\CocosCreator\resources\app.asar\node_modules\babylon\lib\index.js:3978:12)
    at Parser.pp$3.parseExprAtom (D:\cocos creator\CocosCreator\resources\app.asar\node_modules\babylon\lib\index.js:3719:19)
    at Parser.pp$3.parseExprSubscripts (D:\cocos creator\CocosCreator\resources\app.asar\node_modules\babylon\lib\index.js:3494:19)
    at Parser.pp$3.parseMaybeUnary (D:\cocos creator\CocosCreator\resources\app.asar\node_modules\babylon\lib\index.js:3474:19)
    at Parser.pp$3.parseExprOps (D:\cocos creator\CocosCreator\resources\app.asar\node_modules\babylon\lib\index.js:3404:19)
    at Parser.pp$3.parseMaybeConditional (D:\cocos creator\CocosCreator\resources\app.asar\node_modules\babylon\lib\index.js:3381:19)
    at Parser.pp$3.parseMaybeAssign (D:\cocos creator\CocosCreator\resources\app.asar\node_modules\babylon\lib\index.js:3344:19)
2019-09-01T11:36:59.229Z - failed: [db-task][sync-changes] Failed to import asset F:\Game\Game2\start_project\assets\scripts\Star.js, message: Compile error: SyntaxError: F:/Game/Game2/start_project/assets/scripts/Star.js: Unexpected token, expected , (59:4)
  57 | 
  58 |     }
> 59 |     update: function (dt) {
     |     ^
  60 |         this.getWinner()
  61 |         // 每帧判断和主角之间的距离是否小于收集距离
  62 |         // 这一块应该处理一下当两个同时吃到星星的情况
    at Parser.pp$5.raise (D:\cocos creator\CocosCreator\resources\app.asar\node_modules\babylon\lib\index.js:4454:13)
    at Parser.pp.unexpected (D:\cocos creator\CocosCreator\resources\app.asar\node_modules\babylon\lib\index.js:1761:8)
    at Parser.pp.expect (D:\cocos creator\CocosCreator\resources\app.asar\node_modules\babylon\lib\index.js:1749:33)
    at Parser.pp$3.parseObj (D:\cocos creator\CocosCreator\resources\app.asar\node_modules\babylon\lib\index.js:3978:12)
    at Parser.pp$3.parseExprAtom (D:\cocos creator\CocosCreator\resources\app.asar\node_modules\babylon\lib\index.js:3719:19)
    at Parser.pp$3.parseExprSubscripts (D:\cocos creator\CocosCreator\resources\app.asar\node_modules\babylon\lib\index.js:3494:19)
    at Parser.pp$3.parseMaybeUnary (D:\cocos creator\CocosCreator\resources\app.asar\node_modules\babylon\lib\index.js:3474:19)
    at Parser.pp$3.parseExprOps (D:\cocos creator\CocosCreator\resources\app.asar\node_modules\babylon\lib\index.js:3404:19)
    at Parser.pp$3.parseMaybeConditional (D:\cocos creator\CocosCreator\resources\app.asar\node_modules\babylon\lib\index.js:3381:19)
    at Parser.pp$3.parseMaybeAssign (D:\cocos creator\CocosCreator\resources\app.asar\node_modules\babylon\lib\index.js:3344:19)
2019-09-01T11:38:01.647Z - failed: [db-task][sync-changes] Failed to import asset F:\Game\Game2\start_project\assets\scripts\Star.js, message: Compile error: SyntaxError: F:/Game/Game2/start_project/assets/scripts/Star.js: Unexpected token, expected , (60:4)
  58 | 
  59 |     }
> 60 |     update: function (dt) {
     |     ^
  61 |         this.getWinner()
  62 |         // 每帧判断和主角之间的距离是否小于收集距离
  63 |         // 这一块应该处理一下当两个同时吃到星星的情况
    at Parser.pp$5.raise (D:\cocos creator\CocosCreator\resources\app.asar\node_modules\babylon\lib\index.js:4454:13)
    at Parser.pp.unexpected (D:\cocos creator\CocosCreator\resources\app.asar\node_modules\babylon\lib\index.js:1761:8)
    at Parser.pp.expect (D:\cocos creator\CocosCreator\resources\app.asar\node_modules\babylon\lib\index.js:1749:33)
    at Parser.pp$3.parseObj (D:\cocos creator\CocosCreator\resources\app.asar\node_modules\babylon\lib\index.js:3978:12)
    at Parser.pp$3.parseExprAtom (D:\cocos creator\CocosCreator\resources\app.asar\node_modules\babylon\lib\index.js:3719:19)
    at Parser.pp$3.parseExprSubscripts (D:\cocos creator\CocosCreator\resources\app.asar\node_modules\babylon\lib\index.js:3494:19)
    at Parser.pp$3.parseMaybeUnary (D:\cocos creator\CocosCreator\resources\app.asar\node_modules\babylon\lib\index.js:3474:19)
    at Parser.pp$3.parseExprOps (D:\cocos creator\CocosCreator\resources\app.asar\node_modules\babylon\lib\index.js:3404:19)
    at Parser.pp$3.parseMaybeConditional (D:\cocos creator\CocosCreator\resources\app.asar\node_modules\babylon\lib\index.js:3381:19)
    at Parser.pp$3.parseMaybeAssign (D:\cocos creator\CocosCreator\resources\app.asar\node_modules\babylon\lib\index.js:3344:19)
2019-09-01T11:38:55.963Z - failed: [db-task][sync-changes] Failed to import asset F:\Game\Game2\start_project\assets\scripts\Star.js, message: Compile error: SyntaxError: F:/Game/Game2/start_project/assets/scripts/Star.js: Unexpected token, expected , (61:4)
  59 | 
  60 |     }
> 61 |     update: function (dt) {
     |     ^
  62 |         this.getWinner()
  63 |         // 每帧判断和主角之间的距离是否小于收集距离
  64 |         // 这一块应该处理一下当两个同时吃到星星的情况
    at Parser.pp$5.raise (D:\cocos creator\CocosCreator\resources\app.asar\node_modules\babylon\lib\index.js:4454:13)
    at Parser.pp.unexpected (D:\cocos creator\CocosCreator\resources\app.asar\node_modules\babylon\lib\index.js:1761:8)
    at Parser.pp.expect (D:\cocos creator\CocosCreator\resources\app.asar\node_modules\babylon\lib\index.js:1749:33)
    at Parser.pp$3.parseObj (D:\cocos creator\CocosCreator\resources\app.asar\node_modules\babylon\lib\index.js:3978:12)
    at Parser.pp$3.parseExprAtom (D:\cocos creator\CocosCreator\resources\app.asar\node_modules\babylon\lib\index.js:3719:19)
    at Parser.pp$3.parseExprSubscripts (D:\cocos creator\CocosCreator\resources\app.asar\node_modules\babylon\lib\index.js:3494:19)
    at Parser.pp$3.parseMaybeUnary (D:\cocos creator\CocosCreator\resources\app.asar\node_modules\babylon\lib\index.js:3474:19)
    at Parser.pp$3.parseExprOps (D:\cocos creator\CocosCreator\resources\app.asar\node_modules\babylon\lib\index.js:3404:19)
    at Parser.pp$3.parseMaybeConditional (D:\cocos creator\CocosCreator\resources\app.asar\node_modules\babylon\lib\index.js:3381:19)
    at Parser.pp$3.parseMaybeAssign (D:\cocos creator\CocosCreator\resources\app.asar\node_modules\babylon\lib\index.js:3344:19)
